0 silly argv { _: [ 'publish' ],
0 silly argv   composed: 'publish',
0 silly argv   lernaVersion: '3.10.5',
0 silly argv   '$0': 'lerna' }
1 notice cli v3.10.5
2 verbose rootPath /study/easy
3 verbose session 7aae22adcc23dc82
4 verbose user-agent lerna/3.10.5/node@v8.11.1+x64 (darwin)
5 verbose git-describe undefined => "v1.0.3-2-g1323843"
6 silly git-describe parsed => {"lastTagName":"v1.0.3","lastVersion":"v1.0.3","refCount":"2","sha":"1323843","isDirty":false}
7 silly argv { _: [ 'publish' ], composed: 'publish', lernaVersion: '3.10.5' }
8 verbose rootPath /study/easy
9 info current version 1.0.3
10 silly isAnythingCommitted
11 verbose isAnythingCommitted 1
12 silly currentBranch
13 verbose currentBranch master
14 silly remoteBranchExists
15 silly isBehindUpstream
16 silly isBehindUpstream master is behind origin/master by 0 commit(s) and ahead by 2
17 silly hasTags
18 verbose hasTags true
19 silly git-describe.sync "v1.0.3-2-g1323843" => {"lastTagName":"v1.0.3","lastVersion":"v1.0.3","refCount":"2","sha":"1323843","isDirty":false}
20 info Looking for changed packages since v1.0.3
21 silly diffSinceIn v1.0.3 packages/easy-dict
22 silly diff packages/easy-dict/package.json
23 silly diffSinceIn v1.0.3 packages/easy-rollback
24 silly diff packages/easy-rollback/package.json
25 silly diffSinceIn v1.0.3 packages/easy-server
26 silly diff packages/easy-server/package.json
27 verbose updated @easy/easy-dict
28 verbose updated @easy/easy-rollback
29 verbose updated @easy/easy-servers
30 verbose git-describe undefined => "v1.0.3-2-g1323843"
31 silly git-describe parsed => {"lastTagName":"v1.0.3","lastVersion":"v1.0.3","refCount":"2","sha":"1323843","isDirty":false}
32 silly batched [ PackageGraphNode {
32 silly batched     name: '@easy/easy-dict',
32 silly batched     externalDependencies:
32 silly batched      Map {
32 silly batched        'blessed' => [Object],
32 silly batched        'chalk' => [Object],
32 silly batched        'commander' => [Object],
32 silly batched        'execa' => [Object],
32 silly batched        'inquirer' => [Object],
32 silly batched        'log4js' => [Object],
32 silly batched        'ora' => [Object],
32 silly batched        'progress' => [Object],
32 silly batched        'puppeteer' => [Object] },
32 silly batched     localDependencies: Map {},
32 silly batched     localDependents: Map {} },
32 silly batched   PackageGraphNode {
32 silly batched     name: '@easy/easy-rollback',
32 silly batched     externalDependencies:
32 silly batched      Map {
32 silly batched        'commander' => [Object],
32 silly batched        'execa' => [Object],
32 silly batched        'inquirer' => [Object],
32 silly batched        'progress' => [Object],
32 silly batched        'signale' => [Object] },
32 silly batched     localDependencies: Map {},
32 silly batched     localDependents: Map {} },
32 silly batched   PackageGraphNode {
32 silly batched     name: '@easy/easy-servers',
32 silly batched     externalDependencies:
32 silly batched      Map {
32 silly batched        'livereload-js' => [Object],
32 silly batched        'socket.io' => [Object],
32 silly batched        'chalk' => [Object],
32 silly batched        'chokidar' => [Object],
32 silly batched        'commander' => [Object],
32 silly batched        'connect' => [Object],
32 silly batched        'easy-rollback' => [Object],
32 silly batched        'execa' => [Object],
32 silly batched        'faye-websocket' => [Object],
32 silly batched        'inquirer' => [Object],
32 silly batched        'live-server' => [Object],
32 silly batched        'opn' => [Object],
32 silly batched        'progress' => [Object],
32 silly batched        'send' => [Object],
32 silly batched        'serve-index' => [Object],
32 silly batched        'signale' => [Object],
32 silly batched        'url' => [Object] },
32 silly batched     localDependencies: Map {},
32 silly batched     localDependents: Map {} } ]
33 silly lifecycle No script for "preversion" in "root", continuing
34 silly lifecycle No script for "preversion" in "@easy/easy-dict", continuing
35 silly lifecycle No script for "preversion" in "@easy/easy-rollback", continuing
36 silly lifecycle No script for "preversion" in "@easy/easy-servers", continuing
37 silly lifecycle No script for "version" in "@easy/easy-dict", continuing
38 silly lifecycle No script for "version" in "@easy/easy-servers", continuing
39 silly lifecycle No script for "version" in "@easy/easy-rollback", continuing
40 silly lifecycle No script for "version" in "root", continuing
41 silly gitAdd [ '/study/easy/packages/easy-dict/package.json',
41 silly gitAdd   '/study/easy/packages/easy-server/package.json',
41 silly gitAdd   '/study/easy/packages/easy-rollback/package.json',
41 silly gitAdd   '/study/easy/lerna.json' ]
42 silly gitCommit v1.0.4
43 verbose git [ 'commit', '-m', 'v1.0.4' ]
44 silly gitTag v1.0.4
45 verbose git [ 'tag', 'v1.0.4', '-m', 'v1.0.4' ]
46 silly lifecycle No script for "postversion" in "@easy/easy-dict", continuing
47 silly lifecycle No script for "postversion" in "@easy/easy-rollback", continuing
48 silly lifecycle No script for "postversion" in "@easy/easy-servers", continuing
49 silly lifecycle No script for "postversion" in "root", continuing
50 info git Pushing tags...
51 silly gitPush origin master
52 silly batched [ PackageGraphNode {
52 silly batched     name: '@easy/easy-dict',
52 silly batched     externalDependencies:
52 silly batched      Map {
52 silly batched        'blessed' => [Object],
52 silly batched        'chalk' => [Object],
52 silly batched        'commander' => [Object],
52 silly batched        'execa' => [Object],
52 silly batched        'inquirer' => [Object],
52 silly batched        'log4js' => [Object],
52 silly batched        'ora' => [Object],
52 silly batched        'progress' => [Object],
52 silly batched        'puppeteer' => [Object] },
52 silly batched     localDependencies: Map {},
52 silly batched     localDependents: Map {} },
52 silly batched   PackageGraphNode {
52 silly batched     name: '@easy/easy-rollback',
52 silly batched     externalDependencies:
52 silly batched      Map {
52 silly batched        'commander' => [Object],
52 silly batched        'execa' => [Object],
52 silly batched        'inquirer' => [Object],
52 silly batched        'progress' => [Object],
52 silly batched        'signale' => [Object] },
52 silly batched     localDependencies: Map {},
52 silly batched     localDependents: Map {} },
52 silly batched   PackageGraphNode {
52 silly batched     name: '@easy/easy-servers',
52 silly batched     externalDependencies:
52 silly batched      Map {
52 silly batched        'chalk' => [Object],
52 silly batched        'chokidar' => [Object],
52 silly batched        'commander' => [Object],
52 silly batched        'connect' => [Object],
52 silly batched        'easy-rollback' => [Object],
52 silly batched        'execa' => [Object],
52 silly batched        'faye-websocket' => [Object],
52 silly batched        'inquirer' => [Object],
52 silly batched        'live-server' => [Object],
52 silly batched        'opn' => [Object],
52 silly batched        'progress' => [Object],
52 silly batched        'send' => [Object],
52 silly batched        'serve-index' => [Object],
52 silly batched        'signale' => [Object],
52 silly batched        'url' => [Object] },
52 silly batched     localDependencies: Map {},
52 silly batched     localDependents: Map {} } ]
53 info publish Publishing packages to npm...
54 info Verifying npm credentials
55 verbose Retrieving npm user profile
56 http fetch GET 200 https://registry.npmjs.org/-/npm/v1/user 867ms
57 silly npm profile get received {"tfa":false,"name":"zhaoqize","email":"ko2338792975@163.com","email_verified":true,"created":"2016-08-31T09:28:48.338Z","updated":"2018-02-19T08:16:58.430Z","cidr_whitelist":null,"fullname":"","homepage":"","freenode":"","twitter":"","github":"https://github.com/zhaoqize"}
58 silly npm whoami received {"username":"zhaoqize"}
59 silly verifyNpmPackageAccess
60 http fetch GET 200 https://registry.npmjs.org/-/org/zhaoqize/package?format=cli 253ms
61 silly getCurrentSHA
62 verbose getCurrentSHA 87a0a03ae819fb91e8895bd78095749675c18a81
63 silly lifecycle No script for "prepublish" in "root", continuing
64 silly lifecycle No script for "prepare" in "root", continuing
65 silly lifecycle No script for "prepublishOnly" in "root", continuing
66 silly lifecycle No script for "prepack" in "root", continuing
67 verbose pack-directory packages/easy-dict
68 verbose pack-directory packages/easy-rollback
69 verbose pack-directory packages/easy-server
70 silly lifecycle No script for "prepublish" in "@easy/easy-dict", continuing
71 silly lifecycle No script for "prepublish" in "@easy/easy-rollback", continuing
72 silly lifecycle No script for "prepublish" in "@easy/easy-servers", continuing
73 silly lifecycle No script for "prepare" in "@easy/easy-dict", continuing
74 silly lifecycle No script for "prepare" in "@easy/easy-rollback", continuing
75 silly lifecycle No script for "prepare" in "@easy/easy-servers", continuing
76 silly lifecycle No script for "prepublishOnly" in "@easy/easy-dict", continuing
77 silly lifecycle No script for "prepublishOnly" in "@easy/easy-servers", continuing
78 silly lifecycle No script for "prepublishOnly" in "@easy/easy-rollback", continuing
79 silly lifecycle No script for "prepack" in "@easy/easy-dict", continuing
80 silly lifecycle No script for "prepack" in "@easy/easy-servers", continuing
81 silly lifecycle No script for "prepack" in "@easy/easy-rollback", continuing
82 silly lifecycle No script for "postpack" in "@easy/easy-rollback", continuing
83 verbose packed @easy/easy-rollback packages/easy-rollback
84 silly lifecycle No script for "postpack" in "@easy/easy-servers", continuing
85 verbose packed @easy/easy-servers packages/easy-server
86 silly lifecycle No script for "postpack" in "@easy/easy-dict", continuing
87 verbose packed @easy/easy-dict packages/easy-dict
88 silly lifecycle No script for "postpack" in "root", continuing
89 verbose publish @easy/easy-dict
90 verbose publish @easy/easy-rollback
91 verbose publish @easy/easy-servers
92 http fetch PUT 402 https://registry.npmjs.org/@easy%2feasy-rollback 1442ms
93 error Error: 402 Payment Required - PUT https://registry.npmjs.org/@easy%2feasy-rollback - You must sign up for private packages
93 error     at res.buffer.catch.then.body (/Users/zqz/.nvm/versions/node/v8.11.1/lib/node_modules/lerna/node_modules/npm-registry-fetch/check-response.js:104:15)
93 error     at <anonymous>
